Starting a Gradle Daemon, 2 stopped Daemons could not be reused, use --status for details
Exception in thread "DisconnectableInputStream source reader" org.gradle.api.UncheckedIOException: java.io.IOException: Bad file descriptor
	at org.gradle.internal.UncheckedException.throwAsUncheckedException(UncheckedException.java:62)
	at org.gradle.internal.UncheckedException.throwAsUncheckedException(UncheckedException.java:41)
	at org.gradle.util.internal.DisconnectableInputStream$1.run(DisconnectableInputStream.java:127)
	at java.base/java.lang.Thread.run(Thread.java:1583)
Caused by: java.io.IOException: Bad file descriptor
	at java.base/java.io.FileInputStream.readBytes(Native Method)
	at java.base/java.io.FileInputStream.read(FileInputStream.java:287)
	at java.base/java.io.BufferedInputStream.read1(BufferedInputStream.java:345)
	at java.base/java.io.BufferedInputStream.implRead(BufferedInputStream.java:420)
	at java.base/java.io.BufferedInputStream.read(BufferedInputStream.java:399)
	at org.gradle.util.internal.DisconnectableInputStream$1.run(DisconnectableInputStream.java:98)
	... 1 more
> Task :shawarma:compileJava UP-TO-DATE
> Task :shawarma:processResources UP-TO-DATE
> Task :shawarma:classes UP-TO-DATE
> Task :shawarma:resolveMainClassName UP-TO-DATE

> Task :shawarma:bootRun

  .   ____          _            __ _ _
 /\\ / ___'_ __ _ _(_)_ __  __ _ \ \ \ \
( ( )\___ | '_ | '_| | '_ \/ _` | \ \ \ \
 \\/  ___)| |_)| | | | | || (_| |  ) ) ) )
  '  |____| .__|_| |_|_| |_\__, | / / / /
 =========|_|==============|___/=/_/_/_/

[32m :: Spring Boot :: [39m              [2m (v3.3.4)[0;39m

[2m2024-10-30T10:53:30.416+07:00[0;39m [32m INFO[0;39m [35m59673[0;39m [2m---[0;39m [2m[shawarma] [  restartedMain][0;39m [2m[0;39m[36medu.evgen.shawarma.ShawarmaApplication  [0;39m [2m:[0;39m Starting ShawarmaApplication using Java 21.0.4 with PID 59673 (/home/evgeniyfimushkin/Git/shawarma/shawarma/build/classes/java/main started by evgeniyfimushkin in /home/evgeniyfimushkin/Git/shawarma/shawarma)
[2m2024-10-30T10:53:30.420+07:00[0;39m [32m INFO[0;39m [35m59673[0;39m [2m---[0;39m [2m[shawarma] [  restartedMain][0;39m [2m[0;39m[36medu.evgen.shawarma.ShawarmaApplication  [0;39m [2m:[0;39m No active profile set, falling back to 1 default profile: "default"
[2m2024-10-30T10:53:30.459+07:00[0;39m [32m INFO[0;39m [35m59673[0;39m [2m---[0;39m [2m[shawarma] [  restartedMain][0;39m [2m[0;39m[36m.e.DevToolsPropertyDefaultsPostProcessor[0;39m [2m:[0;39m Devtools property defaults active! Set 'spring.devtools.add-properties' to 'false' to disable
[2m2024-10-30T10:53:30.459+07:00[0;39m [32m INFO[0;39m [35m59673[0;39m [2m---[0;39m [2m[shawarma] [  restartedMain][0;39m [2m[0;39m[36m.e.DevToolsPropertyDefaultsPostProcessor[0;39m [2m:[0;39m For additional web related logging consider setting the 'logging.level.web' property to 'DEBUG'
[2m2024-10-30T10:53:31.172+07:00[0;39m [32m INFO[0;39m [35m59673[0;39m [2m---[0;39m [2m[shawarma] [  restartedMain][0;39m [2m[0;39m[36m.s.d.r.c.RepositoryConfigurationDelegate[0;39m [2m:[0;39m Bootstrapping Spring Data JPA repositories in DEFAULT mode.
[2m2024-10-30T10:53:31.225+07:00[0;39m [32m INFO[0;39m [35m59673[0;39m [2m---[0;39m [2m[shawarma] [  restartedMain][0;39m [2m[0;39m[36m.s.d.r.c.RepositoryConfigurationDelegate[0;39m [2m:[0;39m Finished Spring Data repository scanning in 46 ms. Found 4 JPA repository interfaces.
[2m2024-10-30T10:53:32.123+07:00[0;39m [32m INFO[0;39m [35m59673[0;39m [2m---[0;39m [2m[shawarma] [  restartedMain][0;39m [2m[0;39m[36mo.s.b.w.embedded.tomcat.TomcatWebServer [0;39m [2m:[0;39m Tomcat initialized with port 8080 (http)
[2m2024-10-30T10:53:32.138+07:00[0;39m [32m INFO[0;39m [35m59673[0;39m [2m---[0;39m [2m[shawarma] [  restartedMain][0;39m [2m[0;39m[36mo.apache.catalina.core.StandardService  [0;39m [2m:[0;39m Starting service [Tomcat]
[2m2024-10-30T10:53:32.138+07:00[0;39m [32m INFO[0;39m [35m59673[0;39m [2m---[0;39m [2m[shawarma] [  restartedMain][0;39m [2m[0;39m[36mo.apache.catalina.core.StandardEngine   [0;39m [2m:[0;39m Starting Servlet engine: [Apache Tomcat/10.1.30]
[2m2024-10-30T10:53:32.180+07:00[0;39m [32m INFO[0;39m [35m59673[0;39m [2m---[0;39m [2m[shawarma] [  restartedMain][0;39m [2m[0;39m[36mo.a.c.c.C.[Tomcat].[localhost].[/]      [0;39m [2m:[0;39m Initializing Spring embedded WebApplicationContext
[2m2024-10-30T10:53:32.181+07:00[0;39m [32m INFO[0;39m [35m59673[0;39m [2m---[0;39m [2m[shawarma] [  restartedMain][0;39m [2m[0;39m[36mw.s.c.ServletWebServerApplicationContext[0;39m [2m:[0;39m Root WebApplicationContext: initialization completed in 1720 ms
[2m2024-10-30T10:53:32.218+07:00[0;39m [32m INFO[0;39m [35m59673[0;39m [2m---[0;39m [2m[shawarma] [  restartedMain][0;39m [2m[0;39m[36mcom.zaxxer.hikari.HikariDataSource      [0;39m [2m:[0;39m shawarma - Starting...
[2m2024-10-30T10:53:32.436+07:00[0;39m [32m INFO[0;39m [35m59673[0;39m [2m---[0;39m [2m[shawarma] [  restartedMain][0;39m [2m[0;39m[36mcom.zaxxer.hikari.pool.HikariPool       [0;39m [2m:[0;39m shawarma - Added connection conn0: url=jdbc:h2:file:./data/ShawarmaDB user=SA
[2m2024-10-30T10:53:32.438+07:00[0;39m [32m INFO[0;39m [35m59673[0;39m [2m---[0;39m [2m[shawarma] [  restartedMain][0;39m [2m[0;39m[36mcom.zaxxer.hikari.HikariDataSource      [0;39m [2m:[0;39m shawarma - Start completed.
[2m2024-10-30T10:53:32.449+07:00[0;39m [32m INFO[0;39m [35m59673[0;39m [2m---[0;39m [2m[shawarma] [  restartedMain][0;39m [2m[0;39m[36mo.s.b.a.h2.H2ConsoleAutoConfiguration   [0;39m [2m:[0;39m H2 console available at '/h2-console'. Database available at 'jdbc:h2:file:./data/ShawarmaDB'
[2m2024-10-30T10:53:32.589+07:00[0;39m [32m INFO[0;39m [35m59673[0;39m [2m---[0;39m [2m[shawarma] [  restartedMain][0;39m [2m[0;39m[36mo.hibernate.jpa.internal.util.LogHelper [0;39m [2m:[0;39m HHH000204: Processing PersistenceUnitInfo [name: default]
[2m2024-10-30T10:53:32.634+07:00[0;39m [32m INFO[0;39m [35m59673[0;39m [2m---[0;39m [2m[shawarma] [  restartedMain][0;39m [2m[0;39m[36morg.hibernate.Version                   [0;39m [2m:[0;39m HHH000412: Hibernate ORM core version 6.5.3.Final
[2m2024-10-30T10:53:32.660+07:00[0;39m [32m INFO[0;39m [35m59673[0;39m [2m---[0;39m [2m[shawarma] [  restartedMain][0;39m [2m[0;39m[36mo.h.c.internal.RegionFactoryInitiator   [0;39m [2m:[0;39m HHH000026: Second-level cache disabled
[2m2024-10-30T10:53:32.920+07:00[0;39m [32m INFO[0;39m [35m59673[0;39m [2m---[0;39m [2m[shawarma] [  restartedMain][0;39m [2m[0;39m[36mo.s.o.j.p.SpringPersistenceUnitInfo     [0;39m [2m:[0;39m No LoadTimeWeaver setup: ignoring JPA class transformer
[2m2024-10-30T10:53:33.994+07:00[0;39m [32m INFO[0;39m [35m59673[0;39m [2m---[0;39m [2m[shawarma] [  restartedMain][0;39m [2m[0;39m[36mo.h.e.t.j.p.i.JtaPlatformInitiator      [0;39m [2m:[0;39m HHH000489: No JTA platform available (set 'hibernate.transaction.jta.platform' to enable JTA platform integration)
[2m2024-10-30T10:53:34.032+07:00[0;39m [32m INFO[0;39m [35m59673[0;39m [2m---[0;39m [2m[shawarma] [  restartedMain][0;39m [2m[0;39m[36mj.LocalContainerEntityManagerFactoryBean[0;39m [2m:[0;39m Initialized JPA EntityManagerFactory for persistence unit 'default'
[2m2024-10-30T10:53:34.595+07:00[0;39m [33m WARN[0;39m [35m59673[0;39m [2m---[0;39m [2m[shawarma] [  restartedMain][0;39m [2m[0;39m[36mJpaBaseConfiguration$JpaWebConfiguration[0;39m [2m:[0;39m spring.jpa.open-in-view is enabled by default. Therefore, database queries may be performed during view rendering. Explicitly configure spring.jpa.open-in-view to disable this warning
[2m2024-10-30T10:53:34.750+07:00[0;39m [32m INFO[0;39m [35m59673[0;39m [2m---[0;39m [2m[shawarma] [  restartedMain][0;39m [2m[0;39m[36mr$InitializeUserDetailsManagerConfigurer[0;39m [2m:[0;39m Global AuthenticationManager configured with UserDetailsService bean with name userDetailsService
[2m2024-10-30T10:53:35.951+07:00[0;39m [32m INFO[0;39m [35m59673[0;39m [2m---[0;39m [2m[shawarma] [  restartedMain][0;39m [2m[0;39m[36mo.s.b.d.a.OptionalLiveReloadServer      [0;39m [2m:[0;39m LiveReload server is running on port 35729
[2m2024-10-30T10:53:35.980+07:00[0;39m [32m INFO[0;39m [35m59673[0;39m [2m---[0;39m [2m[shawarma] [  restartedMain][0;39m [2m[0;39m[36mo.s.b.w.embedded.tomcat.TomcatWebServer [0;39m [2m:[0;39m Tomcat started on port 8080 (http) with context path '/'
[2m2024-10-30T10:53:35.990+07:00[0;39m [32m INFO[0;39m [35m59673[0;39m [2m---[0;39m [2m[shawarma] [  restartedMain][0;39m [2m[0;39m[36medu.evgen.shawarma.ShawarmaApplication  [0;39m [2m:[0;39m Started ShawarmaApplication in 5.945 seconds (process running for 6.322)
[2m2024-10-30T10:53:48.229+07:00[0;39m [32m INFO[0;39m [35m59673[0;39m [2m---[0;39m [2m[shawarma] [nio-8080-exec-1][0;39m [2m[0;39m[36mo.a.c.c.C.[Tomcat].[localhost].[/]      [0;39m [2m:[0;39m Initializing Spring DispatcherServlet 'dispatcherServlet'
[2m2024-10-30T10:53:48.229+07:00[0;39m [32m INFO[0;39m [35m59673[0;39m [2m---[0;39m [2m[shawarma] [nio-8080-exec-1][0;39m [2m[0;39m[36mo.s.web.servlet.DispatcherServlet       [0;39m [2m:[0;39m Initializing Servlet 'dispatcherServlet'
[2m2024-10-30T10:53:48.231+07:00[0;39m [32m INFO[0;39m [35m59673[0;39m [2m---[0;39m [2m[shawarma] [nio-8080-exec-1][0;39m [2m[0;39m[36mo.s.web.servlet.DispatcherServlet       [0;39m [2m:[0;39m Completed initialization in 2 ms

> Task :shawarma:bootRun FAILED

FAILURE: Build failed with an exception.

* What went wrong:
Execution failed for task ':shawarma:bootRun'.
> Process 'command '/usr/lib/jvm/java-21-openjdk-21.0.4.0.7-2.fc40.x86_64/bin/java'' finished with non-zero exit value 137

* Try:
> Run with --stacktrace option to get the stack trace.
> Run with --info or --debug option to get more log output.
> Run with --scan to get full insights.
> Get more help at https://help.gradle.org.

BUILD FAILED in 1m 9s
4 actionable tasks: 1 executed, 3 up-to-date
Exception in thread "DisconnectableInputStream source reader" org.gradle.api.UncheckedIOException: java.io.IOException: Bad file descriptor
	at org.gradle.internal.UncheckedException.throwAsUncheckedException(UncheckedException.java:62)
	at org.gradle.internal.UncheckedException.throwAsUncheckedException(UncheckedException.java:41)
	at org.gradle.util.internal.DisconnectableInputStream$1.run(DisconnectableInputStream.java:127)
	at java.base/java.lang.Thread.run(Thread.java:1583)
Caused by: java.io.IOException: Bad file descriptor
	at java.base/java.io.FileInputStream.readBytes(Native Method)
	at java.base/java.io.FileInputStream.read(FileInputStream.java:287)
	at java.base/java.io.BufferedInputStream.read1(BufferedInputStream.java:345)
	at java.base/java.io.BufferedInputStream.implRead(BufferedInputStream.java:420)
	at java.base/java.io.BufferedInputStream.read(BufferedInputStream.java:399)
	at org.gradle.util.internal.DisconnectableInputStream$1.run(DisconnectableInputStream.java:98)
	... 1 more
> Task :shawarma:compileJava UP-TO-DATE
> Task :shawarma:processResources UP-TO-DATE
> Task :shawarma:classes UP-TO-DATE
> Task :shawarma:resolveMainClassName UP-TO-DATE

> Task :shawarma:bootRun

  .   ____          _            __ _ _
 /\\ / ___'_ __ _ _(_)_ __  __ _ \ \ \ \
( ( )\___ | '_ | '_| | '_ \/ _` | \ \ \ \
 \\/  ___)| |_)| | | | | || (_| |  ) ) ) )
  '  |____| .__|_| |_|_| |_\__, | / / / /
 =========|_|==============|___/=/_/_/_/

[32m :: Spring Boot :: [39m              [2m (v3.3.4)[0;39m

[2m2024-10-30T10:57:00.975+07:00[0;39m [32m INFO[0;39m [35m61555[0;39m [2m---[0;39m [2m[shawarma] [  restartedMain][0;39m [2m[0;39m[36medu.evgen.shawarma.ShawarmaApplication  [0;39m [2m:[0;39m Starting ShawarmaApplication using Java 21.0.4 with PID 61555 (/home/evgeniyfimushkin/Git/shawarma/shawarma/build/classes/java/main started by evgeniyfimushkin in /home/evgeniyfimushkin/Git/shawarma/shawarma)
[2m2024-10-30T10:57:00.978+07:00[0;39m [32m INFO[0;39m [35m61555[0;39m [2m---[0;39m [2m[shawarma] [  restartedMain][0;39m [2m[0;39m[36medu.evgen.shawarma.ShawarmaApplication  [0;39m [2m:[0;39m No active profile set, falling back to 1 default profile: "default"
[2m2024-10-30T10:57:01.021+07:00[0;39m [32m INFO[0;39m [35m61555[0;39m [2m---[0;39m [2m[shawarma] [  restartedMain][0;39m [2m[0;39m[36m.e.DevToolsPropertyDefaultsPostProcessor[0;39m [2m:[0;39m Devtools property defaults active! Set 'spring.devtools.add-properties' to 'false' to disable
[2m2024-10-30T10:57:01.021+07:00[0;39m [32m INFO[0;39m [35m61555[0;39m [2m---[0;39m [2m[shawarma] [  restartedMain][0;39m [2m[0;39m[36m.e.DevToolsPropertyDefaultsPostProcessor[0;39m [2m:[0;39m For additional web related logging consider setting the 'logging.level.web' property to 'DEBUG'
[2m2024-10-30T10:57:01.701+07:00[0;39m [32m INFO[0;39m [35m61555[0;39m [2m---[0;39m [2m[shawarma] [  restartedMain][0;39m [2m[0;39m[36m.s.d.r.c.RepositoryConfigurationDelegate[0;39m [2m:[0;39m Bootstrapping Spring Data JPA repositories in DEFAULT mode.
[2m2024-10-30T10:57:01.754+07:00[0;39m [32m INFO[0;39m [35m61555[0;39m [2m---[0;39m [2m[shawarma] [  restartedMain][0;39m [2m[0;39m[36m.s.d.r.c.RepositoryConfigurationDelegate[0;39m [2m:[0;39m Finished Spring Data repository scanning in 46 ms. Found 4 JPA repository interfaces.
[2m2024-10-30T10:57:02.566+07:00[0;39m [32m INFO[0;39m [35m61555[0;39m [2m---[0;39m [2m[shawarma] [  restartedMain][0;39m [2m[0;39m[36mo.s.b.w.embedded.tomcat.TomcatWebServer [0;39m [2m:[0;39m Tomcat initialized with port 8080 (http)
[2m2024-10-30T10:57:02.578+07:00[0;39m [32m INFO[0;39m [35m61555[0;39m [2m---[0;39m [2m[shawarma] [  restartedMain][0;39m [2m[0;39m[36mo.apache.catalina.core.StandardService  [0;39m [2m:[0;39m Starting service [Tomcat]
[2m2024-10-30T10:57:02.578+07:00[0;39m [32m INFO[0;39m [35m61555[0;39m [2m---[0;39m [2m[shawarma] [  restartedMain][0;39m [2m[0;39m[36mo.apache.catalina.core.StandardEngine   [0;39m [2m:[0;39m Starting Servlet engine: [Apache Tomcat/10.1.30]
[2m2024-10-30T10:57:02.618+07:00[0;39m [32m INFO[0;39m [35m61555[0;39m [2m---[0;39m [2m[shawarma] [  restartedMain][0;39m [2m[0;39m[36mo.a.c.c.C.[Tomcat].[localhost].[/]      [0;39m [2m:[0;39m Initializing Spring embedded WebApplicationContext
[2m2024-10-30T10:57:02.619+07:00[0;39m [32m INFO[0;39m [35m61555[0;39m [2m---[0;39m [2m[shawarma] [  restartedMain][0;39m [2m[0;39m[36mw.s.c.ServletWebServerApplicationContext[0;39m [2m:[0;39m Root WebApplicationContext: initialization completed in 1596 ms
[2m2024-10-30T10:57:02.655+07:00[0;39m [32m INFO[0;39m [35m61555[0;39m [2m---[0;39m [2m[shawarma] [  restartedMain][0;39m [2m[0;39m[36mcom.zaxxer.hikari.HikariDataSource      [0;39m [2m:[0;39m shawarma - Starting...
[2m2024-10-30T10:57:02.839+07:00[0;39m [32m INFO[0;39m [35m61555[0;39m [2m---[0;39m [2m[shawarma] [  restartedMain][0;39m [2m[0;39m[36mcom.zaxxer.hikari.pool.HikariPool       [0;39m [2m:[0;39m shawarma - Added connection conn0: url=jdbc:h2:file:./data/ShawarmaDB user=SA
[2m2024-10-30T10:57:02.841+07:00[0;39m [32m INFO[0;39m [35m61555[0;39m [2m---[0;39m [2m[shawarma] [  restartedMain][0;39m [2m[0;39m[36mcom.zaxxer.hikari.HikariDataSource      [0;39m [2m:[0;39m shawarma - Start completed.
[2m2024-10-30T10:57:02.851+07:00[0;39m [32m INFO[0;39m [35m61555[0;39m [2m---[0;39m [2m[shawarma] [  restartedMain][0;39m [2m[0;39m[36mo.s.b.a.h2.H2ConsoleAutoConfiguration   [0;39m [2m:[0;39m H2 console available at '/h2-console'. Database available at 'jdbc:h2:file:./data/ShawarmaDB'
[2m2024-10-30T10:57:03.003+07:00[0;39m [32m INFO[0;39m [35m61555[0;39m [2m---[0;39m [2m[shawarma] [  restartedMain][0;39m [2m[0;39m[36mo.hibernate.jpa.internal.util.LogHelper [0;39m [2m:[0;39m HHH000204: Processing PersistenceUnitInfo [name: default]
[2m2024-10-30T10:57:03.046+07:00[0;39m [32m INFO[0;39m [35m61555[0;39m [2m---[0;39m [2m[shawarma] [  restartedMain][0;39m [2m[0;39m[36morg.hibernate.Version                   [0;39m [2m:[0;39m HHH000412: Hibernate ORM core version 6.5.3.Final
[2m2024-10-30T10:57:03.072+07:00[0;39m [32m INFO[0;39m [35m61555[0;39m [2m---[0;39m [2m[shawarma] [  restartedMain][0;39m [2m[0;39m[36mo.h.c.internal.RegionFactoryInitiator   [0;39m [2m:[0;39m HHH000026: Second-level cache disabled
[2m2024-10-30T10:57:03.303+07:00[0;39m [32m INFO[0;39m [35m61555[0;39m [2m---[0;39m [2m[shawarma] [  restartedMain][0;39m [2m[0;39m[36mo.s.o.j.p.SpringPersistenceUnitInfo     [0;39m [2m:[0;39m No LoadTimeWeaver setup: ignoring JPA class transformer
[2m2024-10-30T10:57:04.260+07:00[0;39m [32m INFO[0;39m [35m61555[0;39m [2m---[0;39m [2m[shawarma] [  restartedMain][0;39m [2m[0;39m[36mo.h.e.t.j.p.i.JtaPlatformInitiator      [0;39m [2m:[0;39m HHH000489: No JTA platform available (set 'hibernate.transaction.jta.platform' to enable JTA platform integration)
[2m2024-10-30T10:57:04.293+07:00[0;39m [32m INFO[0;39m [35m61555[0;39m [2m---[0;39m [2m[shawarma] [  restartedMain][0;39m [2m[0;39m[36mj.LocalContainerEntityManagerFactoryBean[0;39m [2m:[0;39m Initialized JPA EntityManagerFactory for persistence unit 'default'
[2m2024-10-30T10:57:04.758+07:00[0;39m [33m WARN[0;39m [35m61555[0;39m [2m---[0;39m [2m[shawarma] [  restartedMain][0;39m [2m[0;39m[36mJpaBaseConfiguration$JpaWebConfiguration[0;39m [2m:[0;39m spring.jpa.open-in-view is enabled by default. Therefore, database queries may be performed during view rendering. Explicitly configure spring.jpa.open-in-view to disable this warning
[2m2024-10-30T10:57:04.881+07:00[0;39m [32m INFO[0;39m [35m61555[0;39m [2m---[0;39m [2m[shawarma] [  restartedMain][0;39m [2m[0;39m[36mr$InitializeUserDetailsManagerConfigurer[0;39m [2m:[0;39m Global AuthenticationManager configured with UserDetailsService bean with name userDetailsService
[2m2024-10-30T10:57:05.964+07:00[0;39m [32m INFO[0;39m [35m61555[0;39m [2m---[0;39m [2m[shawarma] [  restartedMain][0;39m [2m[0;39m[36mo.s.b.d.a.OptionalLiveReloadServer      [0;39m [2m:[0;39m LiveReload server is running on port 35729
[2m2024-10-30T10:57:05.993+07:00[0;39m [32m INFO[0;39m [35m61555[0;39m [2m---[0;39m [2m[shawarma] [  restartedMain][0;39m [2m[0;39m[36mo.s.b.w.embedded.tomcat.TomcatWebServer [0;39m [2m:[0;39m Tomcat started on port 8080 (http) with context path '/'
[2m2024-10-30T10:57:06.003+07:00[0;39m [32m INFO[0;39m [35m61555[0;39m [2m---[0;39m [2m[shawarma] [  restartedMain][0;39m [2m[0;39m[36medu.evgen.shawarma.ShawarmaApplication  [0;39m [2m:[0;39m Started ShawarmaApplication in 5.376 seconds (process running for 5.767)
Exception in thread "DisconnectableInputStream source reader" org.gradle.api.UncheckedIOException: java.io.IOException: Bad file descriptor
	at org.gradle.internal.UncheckedException.throwAsUncheckedException(UncheckedException.java:62)
	at org.gradle.internal.UncheckedException.throwAsUncheckedException(UncheckedException.java:41)
	at org.gradle.util.internal.DisconnectableInputStream$1.run(DisconnectableInputStream.java:127)
	at java.base/java.lang.Thread.run(Thread.java:1583)
Caused by: java.io.IOException: Bad file descriptor
	at java.base/java.io.FileInputStream.readBytes(Native Method)
	at java.base/java.io.FileInputStream.read(FileInputStream.java:287)
	at java.base/java.io.BufferedInputStream.read1(BufferedInputStream.java:345)
	at java.base/java.io.BufferedInputStream.implRead(BufferedInputStream.java:420)
	at java.base/java.io.BufferedInputStream.read(BufferedInputStream.java:399)
	at org.gradle.util.internal.DisconnectableInputStream$1.run(DisconnectableInputStream.java:98)
	... 1 more
> Task :shawarma:compileJava UP-TO-DATE
> Task :shawarma:processResources UP-TO-DATE
> Task :shawarma:classes UP-TO-DATE
> Task :shawarma:resolveMainClassName UP-TO-DATE

> Task :shawarma:bootRun

  .   ____          _            __ _ _
 /\\ / ___'_ __ _ _(_)_ __  __ _ \ \ \ \
( ( )\___ | '_ | '_| | '_ \/ _` | \ \ \ \
 \\/  ___)| |_)| | | | | || (_| |  ) ) ) )
  '  |____| .__|_| |_|_| |_\__, | / / / /
 =========|_|==============|___/=/_/_/_/

[32m :: Spring Boot :: [39m              [2m (v3.3.4)[0;39m

[2m2024-10-30T11:00:50.200+07:00[0;39m [32m INFO[0;39m [35m62672[0;39m [2m---[0;39m [2m[shawarma] [  restartedMain][0;39m [2m[0;39m[36medu.evgen.shawarma.ShawarmaApplication  [0;39m [2m:[0;39m Starting ShawarmaApplication using Java 21.0.4 with PID 62672 (/home/evgeniyfimushkin/Git/shawarma/shawarma/build/classes/java/main started by evgeniyfimushkin in /home/evgeniyfimushkin/Git/shawarma/shawarma)
[2m2024-10-30T11:00:50.204+07:00[0;39m [32m INFO[0;39m [35m62672[0;39m [2m---[0;39m [2m[shawarma] [  restartedMain][0;39m [2m[0;39m[36medu.evgen.shawarma.ShawarmaApplication  [0;39m [2m:[0;39m No active profile set, falling back to 1 default profile: "default"
[2m2024-10-30T11:00:50.244+07:00[0;39m [32m INFO[0;39m [35m62672[0;39m [2m---[0;39m [2m[shawarma] [  restartedMain][0;39m [2m[0;39m[36m.e.DevToolsPropertyDefaultsPostProcessor[0;39m [2m:[0;39m Devtools property defaults active! Set 'spring.devtools.add-properties' to 'false' to disable
[2m2024-10-30T11:00:50.244+07:00[0;39m [32m INFO[0;39m [35m62672[0;39m [2m---[0;39m [2m[shawarma] [  restartedMain][0;39m [2m[0;39m[36m.e.DevToolsPropertyDefaultsPostProcessor[0;39m [2m:[0;39m For additional web related logging consider setting the 'logging.level.web' property to 'DEBUG'
[2m2024-10-30T11:00:50.955+07:00[0;39m [32m INFO[0;39m [35m62672[0;39m [2m---[0;39m [2m[shawarma] [  restartedMain][0;39m [2m[0;39m[36m.s.d.r.c.RepositoryConfigurationDelegate[0;39m [2m:[0;39m Bootstrapping Spring Data JPA repositories in DEFAULT mode.
[2m2024-10-30T11:00:51.008+07:00[0;39m [32m INFO[0;39m [35m62672[0;39m [2m---[0;39m [2m[shawarma] [  restartedMain][0;39m [2m[0;39m[36m.s.d.r.c.RepositoryConfigurationDelegate[0;39m [2m:[0;39m Finished Spring Data repository scanning in 46 ms. Found 4 JPA repository interfaces.
[2m2024-10-30T11:00:51.809+07:00[0;39m [32m INFO[0;39m [35m62672[0;39m [2m---[0;39m [2m[shawarma] [  restartedMain][0;39m [2m[0;39m[36mo.s.b.w.embedded.tomcat.TomcatWebServer [0;39m [2m:[0;39m Tomcat initialized with port 8080 (http)
[2m2024-10-30T11:00:51.821+07:00[0;39m [32m INFO[0;39m [35m62672[0;39m [2m---[0;39m [2m[shawarma] [  restartedMain][0;39m [2m[0;39m[36mo.apache.catalina.core.StandardService  [0;39m [2m:[0;39m Starting service [Tomcat]
[2m2024-10-30T11:00:51.822+07:00[0;39m [32m INFO[0;39m [35m62672[0;39m [2m---[0;39m [2m[shawarma] [  restartedMain][0;39m [2m[0;39m[36mo.apache.catalina.core.StandardEngine   [0;39m [2m:[0;39m Starting Servlet engine: [Apache Tomcat/10.1.30]
[2m2024-10-30T11:00:51.862+07:00[0;39m [32m INFO[0;39m [35m62672[0;39m [2m---[0;39m [2m[shawarma] [  restartedMain][0;39m [2m[0;39m[36mo.a.c.c.C.[Tomcat].[localhost].[/]      [0;39m [2m:[0;39m Initializing Spring embedded WebApplicationContext
[2m2024-10-30T11:00:51.863+07:00[0;39m [32m INFO[0;39m [35m62672[0;39m [2m---[0;39m [2m[shawarma] [  restartedMain][0;39m [2m[0;39m[36mw.s.c.ServletWebServerApplicationContext[0;39m [2m:[0;39m Root WebApplicationContext: initialization completed in 1617 ms
[2m2024-10-30T11:00:51.899+07:00[0;39m [32m INFO[0;39m [35m62672[0;39m [2m---[0;39m [2m[shawarma] [  restartedMain][0;39m [2m[0;39m[36mcom.zaxxer.hikari.HikariDataSource      [0;39m [2m:[0;39m shawarma - Starting...
[2m2024-10-30T11:00:52.089+07:00[0;39m [32m INFO[0;39m [35m62672[0;39m [2m---[0;39m [2m[shawarma] [  restartedMain][0;39m [2m[0;39m[36mcom.zaxxer.hikari.pool.HikariPool       [0;39m [2m:[0;39m shawarma - Added connection conn0: url=jdbc:h2:file:./data/ShawarmaDB user=SA
[2m2024-10-30T11:00:52.091+07:00[0;39m [32m INFO[0;39m [35m62672[0;39m [2m---[0;39m [2m[shawarma] [  restartedMain][0;39m [2m[0;39m[36mcom.zaxxer.hikari.HikariDataSource      [0;39m [2m:[0;39m shawarma - Start completed.
[2m2024-10-30T11:00:52.101+07:00[0;39m [32m INFO[0;39m [35m62672[0;39m [2m---[0;39m [2m[shawarma] [  restartedMain][0;39m [2m[0;39m[36mo.s.b.a.h2.H2ConsoleAutoConfiguration   [0;39m [2m:[0;39m H2 console available at '/h2-console'. Database available at 'jdbc:h2:file:./data/ShawarmaDB'
[2m2024-10-30T11:00:52.248+07:00[0;39m [32m INFO[0;39m [35m62672[0;39m [2m---[0;39m [2m[shawarma] [  restartedMain][0;39m [2m[0;39m[36mo.hibernate.jpa.internal.util.LogHelper [0;39m [2m:[0;39m HHH000204: Processing PersistenceUnitInfo [name: default]
[2m2024-10-30T11:00:52.287+07:00[0;39m [32m INFO[0;39m [35m62672[0;39m [2m---[0;39m [2m[shawarma] [  restartedMain][0;39m [2m[0;39m[36morg.hibernate.Version                   [0;39m [2m:[0;39m HHH000412: Hibernate ORM core version 6.5.3.Final
[2m2024-10-30T11:00:52.312+07:00[0;39m [32m INFO[0;39m [35m62672[0;39m [2m---[0;39m [2m[shawarma] [  restartedMain][0;39m [2m[0;39m[36mo.h.c.internal.RegionFactoryInitiator   [0;39m [2m:[0;39m HHH000026: Second-level cache disabled
[2m2024-10-30T11:00:52.546+07:00[0;39m [32m INFO[0;39m [35m62672[0;39m [2m---[0;39m [2m[shawarma] [  restartedMain][0;39m [2m[0;39m[36mo.s.o.j.p.SpringPersistenceUnitInfo     [0;39m [2m:[0;39m No LoadTimeWeaver setup: ignoring JPA class transformer
[2m2024-10-30T11:00:53.492+07:00[0;39m [32m INFO[0;39m [35m62672[0;39m [2m---[0;39m [2m[shawarma] [  restartedMain][0;39m [2m[0;39m[36mo.h.e.t.j.p.i.JtaPlatformInitiator      [0;39m [2m:[0;39m HHH000489: No JTA platform available (set 'hibernate.transaction.jta.platform' to enable JTA platform integration)
[2m2024-10-30T11:00:53.526+07:00[0;39m [32m INFO[0;39m [35m62672[0;39m [2m---[0;39m [2m[shawarma] [  restartedMain][0;39m [2m[0;39m[36mj.LocalContainerEntityManagerFactoryBean[0;39m [2m:[0;39m Initialized JPA EntityManagerFactory for persistence unit 'default'
[2m2024-10-30T11:00:53.983+07:00[0;39m [33m WARN[0;39m [35m62672[0;39m [2m---[0;39m [2m[shawarma] [  restartedMain][0;39m [2m[0;39m[36mJpaBaseConfiguration$JpaWebConfiguration[0;39m [2m:[0;39m spring.jpa.open-in-view is enabled by default. Therefore, database queries may be performed during view rendering. Explicitly configure spring.jpa.open-in-view to disable this warning
[2m2024-10-30T11:00:54.122+07:00[0;39m [32m INFO[0;39m [35m62672[0;39m [2m---[0;39m [2m[shawarma] [  restartedMain][0;39m [2m[0;39m[36mr$InitializeUserDetailsManagerConfigurer[0;39m [2m:[0;39m Global AuthenticationManager configured with UserDetailsService bean with name userDetailsService
[2m2024-10-30T11:00:55.197+07:00[0;39m [32m INFO[0;39m [35m62672[0;39m [2m---[0;39m [2m[shawarma] [  restartedMain][0;39m [2m[0;39m[36mo.s.b.d.a.OptionalLiveReloadServer      [0;39m [2m:[0;39m LiveReload server is running on port 35729
[2m2024-10-30T11:00:55.225+07:00[0;39m [32m INFO[0;39m [35m62672[0;39m [2m---[0;39m [2m[shawarma] [  restartedMain][0;39m [2m[0;39m[36mo.s.b.w.embedded.tomcat.TomcatWebServer [0;39m [2m:[0;39m Tomcat started on port 8080 (http) with context path '/'
[2m2024-10-30T11:00:55.233+07:00[0;39m [32m INFO[0;39m [35m62672[0;39m [2m---[0;39m [2m[shawarma] [  restartedMain][0;39m [2m[0;39m[36medu.evgen.shawarma.ShawarmaApplication  [0;39m [2m:[0;39m Started ShawarmaApplication in 5.376 seconds (process running for 5.761)
[2m2024-10-30T11:01:21.485+07:00[0;39m [32m INFO[0;39m [35m62672[0;39m [2m---[0;39m [2m[shawarma] [nio-8080-exec-1][0;39m [2m[0;39m[36mo.a.c.c.C.[Tomcat].[localhost].[/]      [0;39m [2m:[0;39m Initializing Spring DispatcherServlet 'dispatcherServlet'
[2m2024-10-30T11:01:21.485+07:00[0;39m [32m INFO[0;39m [35m62672[0;39m [2m---[0;39m [2m[shawarma] [nio-8080-exec-1][0;39m [2m[0;39m[36mo.s.web.servlet.DispatcherServlet       [0;39m [2m:[0;39m Initializing Servlet 'dispatcherServlet'
[2m2024-10-30T11:01:21.487+07:00[0;39m [32m INFO[0;39m [35m62672[0;39m [2m---[0;39m [2m[shawarma] [nio-8080-exec-1][0;39m [2m[0;39m[36mo.s.web.servlet.DispatcherServlet       [0;39m [2m:[0;39m Completed initialization in 1 ms

> Task :shawarma:bootRun FAILED

FAILURE: Build failed with an exception.

* What went wrong:
Execution failed for task ':shawarma:bootRun'.
> Process 'command '/usr/lib/jvm/java-21-openjdk-21.0.4.0.7-2.fc40.x86_64/bin/java'' finished with non-zero exit value 137

* Try:
> Run with --stacktrace option to get the stack trace.
> Run with --info or --debug option to get more log output.
> Run with --scan to get full insights.
> Get more help at https://help.gradle.org.

BUILD FAILED in 1m 59s
4 actionable tasks: 1 executed, 3 up-to-date
